# JRE version: OpenJDK Runtime Environment Temurin-17.0.6+10 (17.0.6+10) (build 17.0.6+10)
# Java VM: OpenJDK 64-Bit Server VM Temurin-17.0.6+10 (17.0.6+10, mixed mode, emulated-client, tiered, compressed oops, compressed class ptrs, g1 gc, windows-amd64)
GC Precious Log:
 CPUs: 4 total, 4 available
 Memory: 7061M
 Large Page Support: Disabled
 NUMA Support: Disabled
 Compressed Oops: Enabled (32-bit)
 Heap Region Size: 1M
 Heap Min Capacity: 8M
 Heap Initial Capacity: 112M
 Heap Max Capacity: 1766M
 Pre-touch: Disabled
 Parallel Workers: 4
 Concurrent Workers: 1
 Concurrent Refinement Workers: 4
 Periodic GC: Disabled
Heap:
 garbage-first heap   total 68608K, used 24514K [0x0000000091a00000, 0x0000000100000000)
  region size 1024K, 3 young (3072K), 3 survivors (3072K)
 Metaspace       used 57933K, committed 58368K, reserved 1105920K
  class space    used 7877K, committed 8064K, reserved 1048576K
GC Heap History (20 events):
Event: 2.152 GC heap after
{Heap after GC invocations=6 (full 0):
 garbage-first heap   total 37888K, used 10571K [0x0000000091a00000, 0x0000000100000000)
  region size 1024K, 4 young (4096K), 4 survivors (4096K)
 Metaspace       used 25061K, committed 25344K, reserved 1073152K
  class space    used 3078K, committed 3200K, reserved 1048576K
}
Event: 2.168 GC heap before
{Heap before GC invocations=6 (full 0):
 garbage-first heap   total 37888K, used 11595K [0x0000000091a00000, 0x0000000100000000)
  region size 1024K, 5 young (5120K), 4 survivors (4096K)
 Metaspace       used 25238K, committed 25472K, reserved 1073152K
  class space    used 3094K, committed 3200K, reserved 1048576K
}
Event: 2.174 GC heap after
{Heap after GC invocations=7 (full 0):
 garbage-first heap   total 37888K, used 10870K [0x0000000091a00000, 0x0000000100000000)
  region size 1024K, 1 young (1024K), 1 survivors (1024K)
 Metaspace       used 25238K, committed 25472K, reserved 1073152K
  class space    used 3094K, committed 3200K, reserved 1048576K
}
Event: 2.382 GC heap before
{Heap before GC invocations=7 (full 0):
 garbage-first heap   total 37888K, used 23158K [0x0000000091a00000, 0x0000000100000000)
  region size 1024K, 14 young (14336K), 1 survivors (1024K)
 Metaspace       used 27581K, committed 27904K, reserved 1081344K
  class space    used 3348K, committed 3520K, reserved 1048576K
}
Event: 2.384 GC heap after
{Heap after GC invocations=8 (full 0):
 garbage-first heap   total 37888K, used 11989K [0x0000000091a00000, 0x0000000100000000)
  region size 1024K, 2 young (2048K), 2 survivors (2048K)
 Metaspace       used 27581K, committed 27904K, reserved 1081344K
  class space    used 3348K, committed 3520K, reserved 1048576K
}
Event: 2.574 GC heap before
{Heap before GC invocations=8 (full 0):
 garbage-first heap   total 37888K, used 24277K [0x0000000091a00000, 0x0000000100000000)
  region size 1024K, 15 young (15360K), 2 survivors (2048K)
 Metaspace       used 29690K, committed 30016K, reserved 1081344K
  class space    used 3663K, committed 3840K, reserved 1048576K
}
Event: 2.578 GC heap after
{Heap after GC invocations=9 (full 0):
 garbage-first heap   total 72704K, used 13078K [0x0000000091a00000, 0x0000000100000000)
  region size 1024K, 2 young (2048K), 2 survivors (2048K)
 Metaspace       used 29690K, committed 30016K, reserved 1081344K
  class space    used 3663K, committed 3840K, reserved 1048576K
}
Event: 3.378 GC heap before
{Heap before GC invocations=9 (full 0):
 garbage-first heap   total 72704K, used 53014K [0x0000000091a00000, 0x0000000100000000)
  region size 1024K, 41 young (41984K), 2 survivors (2048K)
 Metaspace       used 34053K, committed 34432K, reserved 1081344K
  class space    used 4323K, committed 4480K, reserved 1048576K
}
Event: 3.386 GC heap after
{Heap after GC invocations=10 (full 0):
 garbage-first heap   total 72704K, used 15767K [0x0000000091a00000, 0x0000000100000000)
  region size 1024K, 4 young (4096K), 4 survivors (4096K)
 Metaspace       used 34053K, committed 34432K, reserved 1081344K
  class space    used 4323K, committed 4480K, reserved 1048576K
}
Event: 3.582 GC heap before
{Heap before GC invocations=10 (full 0):
 garbage-first heap   total 72704K, used 24983K [0x0000000091a00000, 0x0000000100000000)
  region size 1024K, 14 young (14336K), 4 survivors (4096K)
 Metaspace       used 35695K, committed 36096K, reserved 1081344K
  class space    used 4574K, committed 4800K, reserved 1048576K
}
Event: 3.592 GC heap after
{Heap after GC invocations=11 (full 0):
 garbage-first heap   total 72704K, used 16882K [0x0000000091a00000, 0x0000000100000000)
  region size 1024K, 2 young (2048K), 2 survivors (2048K)
 Metaspace       used 35695K, committed 36096K, reserved 1081344K
  class space    used 4574K, committed 4800K, reserved 1048576K
}
Event: 4.332 GC heap before
{Heap before GC invocations=12 (full 0):
 garbage-first heap   total 68608K, used 51698K [0x0000000091a00000, 0x0000000100000000)
  region size 1024K, 36 young (36864K), 2 survivors (2048K)
 Metaspace       used 41517K, committed 41984K, reserved 1089536K
  class space    used 5351K, committed 5568K, reserved 1048576K
}
Event: 4.343 GC heap after
{Heap after GC invocations=13 (full 0):
 garbage-first heap   total 68608K, used 20142K [0x0000000091a00000, 0x0000000100000000)
  region size 1024K, 5 young (5120K), 5 survivors (5120K)
 Metaspace       used 41517K, committed 41984K, reserved 1089536K
  class space    used 5351K, committed 5568K, reserved 1048576K
}
Event: 4.364 GC heap before
{Heap before GC invocations=13 (full 0):
 garbage-first heap   total 68608K, used 20142K [0x0000000091a00000, 0x0000000100000000)
  region size 1024K, 6 young (6144K), 5 survivors (5120K)
 Metaspace       used 41799K, committed 42240K, reserved 1089536K
  class space    used 5373K, committed 5568K, reserved 1048576K
}
Event: 4.373 GC heap after
{Heap after GC invocations=14 (full 0):
 garbage-first heap   total 68608K, used 20532K [0x0000000091a00000, 0x0000000100000000)
  region size 1024K, 1 young (1024K), 1 survivors (1024K)
 Metaspace       used 41799K, committed 42240K, reserved 1089536K
  class space    used 5373K, committed 5568K, reserved 1048576K
}
Event: 5.116 GC heap before
{Heap before GC invocations=14 (full 0):
 garbage-first heap   total 68608K, used 50228K [0x0000000091a00000, 0x0000000100000000)
  region size 1024K, 30 young (30720K), 1 survivors (1024K)
 Metaspace       used 48411K, committed 48896K, reserved 1097728K
  class space    used 6373K, committed 6592K, reserved 1048576K
}
Event: 5.122 GC heap after
{Heap after GC invocations=15 (full 0):
 garbage-first heap   total 68608K, used 21648K [0x0000000091a00000, 0x0000000100000000)
  region size 1024K, 2 young (2048K), 2 survivors (2048K)
 Metaspace       used 48411K, committed 48896K, reserved 1097728K
  class space    used 6373K, committed 6592K, reserved 1048576K
}
Event: 5.722 GC heap before
{Heap before GC invocations=15 (full 0):
 garbage-first heap   total 68608K, used 52368K [0x0000000091a00000, 0x0000000100000000)
  region size 1024K, 32 young (32768K), 2 survivors (2048K)
 Metaspace       used 54923K, committed 55424K, reserved 1097728K
  class space    used 7329K, committed 7552K, reserved 1048576K
}
Event: 5.729 GC heap after
{Heap after GC invocations=16 (full 0):
 garbage-first heap   total 68608K, used 23466K [0x0000000091a00000, 0x0000000100000000)
  region size 1024K, 4 young (4096K), 4 survivors (4096K)
 Metaspace       used 54923K, committed 55424K, reserved 1097728K
  class space    used 7329K, committed 7552K, reserved 1048576K
}
Event: 6.217 GC heap before
{Heap before GC invocations=16 (full 0):
 garbage-first heap   total 68608K, used 53162K [0x0000000091a00000, 0x0000000100000000)
  region size 1024K, 33 young (33792K), 4 survivors (4096K)
 Metaspace       used 57933K, committed 58368K, reserved 1105920K
  class space    used 7877K, committed 8064K, reserved 1048576K
}

