# JRE version: OpenJDK Runtime Environment Temurin-17.0.6+10 (17.0.6+10) (build 17.0.6+10)
# Java VM: OpenJDK 64-Bit Server VM Temurin-17.0.6+10 (17.0.6+10, mixed mode, emulated-client, tiered, compressed oops, compressed class ptrs, g1 gc, windows-amd64)
GC Precious Log:
 CPUs: 4 total, 4 available
 Memory: 7061M
 Large Page Support: Disabled
 NUMA Support: Disabled
 Compressed Oops: Enabled (32-bit)
 Heap Region Size: 1M
 Heap Min Capacity: 8M
 Heap Initial Capacity: 112M
 Heap Max Capacity: 1766M
 Pre-touch: Disabled
 Parallel Workers: 4
 Concurrent Workers: 1
 Concurrent Refinement Workers: 4
 Periodic GC: Disabled
Heap:
 garbage-first heap   total 65536K, used 23572K [0x0000000091a00000, 0x0000000100000000)
  region size 1024K, 3 young (3072K), 3 survivors (3072K)
 Metaspace       used 57197K, committed 57664K, reserved 1105920K
  class space    used 7771K, committed 8000K, reserved 1048576K
GC Heap History (20 events):
Event: 1.448 GC heap after
{Heap after GC invocations=3 (full 0):
 garbage-first heap   total 114688K, used 9506K [0x0000000091a00000, 0x0000000100000000)
  region size 1024K, 3 young (3072K), 3 survivors (3072K)
 Metaspace       used 21284K, committed 21504K, reserved 1073152K
  class space    used 2496K, committed 2624K, reserved 1048576K
}
Event: 1.776 GC heap before
{Heap before GC invocations=4 (full 0):
 garbage-first heap   total 40960K, used 28962K [0x0000000091a00000, 0x0000000100000000)
  region size 1024K, 24 young (24576K), 3 survivors (3072K)
 Metaspace       used 25391K, committed 25664K, reserved 1073152K
  class space    used 3110K, committed 3200K, reserved 1048576K
}
Event: 1.782 GC heap after
{Heap after GC invocations=5 (full 0):
 garbage-first heap   total 40960K, used 10880K [0x0000000091a00000, 0x0000000100000000)
  region size 1024K, 4 young (4096K), 4 survivors (4096K)
 Metaspace       used 25391K, committed 25664K, reserved 1073152K
  class space    used 3110K, committed 3200K, reserved 1048576K
}
Event: 1.808 GC heap before
{Heap before GC invocations=5 (full 0):
 garbage-first heap   total 40960K, used 11904K [0x0000000091a00000, 0x0000000100000000)
  region size 1024K, 5 young (5120K), 4 survivors (4096K)
 Metaspace       used 25565K, committed 25856K, reserved 1073152K
  class space    used 3126K, committed 3264K, reserved 1048576K
}
Event: 1.818 GC heap after
{Heap after GC invocations=6 (full 0):
 garbage-first heap   total 40960K, used 11082K [0x0000000091a00000, 0x0000000100000000)
  region size 1024K, 1 young (1024K), 1 survivors (1024K)
 Metaspace       used 25565K, committed 25856K, reserved 1073152K
  class space    used 3126K, committed 3264K, reserved 1048576K
}
Event: 2.046 GC heap before
{Heap before GC invocations=6 (full 0):
 garbage-first heap   total 40960K, used 25418K [0x0000000091a00000, 0x0000000100000000)
  region size 1024K, 16 young (16384K), 1 survivors (1024K)
 Metaspace       used 28385K, committed 28672K, reserved 1081344K
  class space    used 3437K, committed 3584K, reserved 1048576K
}
Event: 2.048 GC heap after
{Heap after GC invocations=7 (full 0):
 garbage-first heap   total 77824K, used 12149K [0x0000000091a00000, 0x0000000100000000)
  region size 1024K, 2 young (2048K), 2 survivors (2048K)
 Metaspace       used 28385K, committed 28672K, reserved 1081344K
  class space    used 3437K, committed 3584K, reserved 1048576K
}
Event: 2.924 GC heap before
{Heap before GC invocations=7 (full 0):
 garbage-first heap   total 77824K, used 53109K [0x0000000091a00000, 0x0000000100000000)
  region size 1024K, 42 young (43008K), 2 survivors (2048K)
 Metaspace       used 32727K, committed 33088K, reserved 1081344K
  class space    used 4117K, committed 4288K, reserved 1048576K
}
Event: 2.931 GC heap after
{Heap after GC invocations=8 (full 0):
 garbage-first heap   total 77824K, used 14927K [0x0000000091a00000, 0x0000000100000000)
  region size 1024K, 5 young (5120K), 5 survivors (5120K)
 Metaspace       used 32727K, committed 33088K, reserved 1081344K
  class space    used 4117K, committed 4288K, reserved 1048576K
}
Event: 3.305 GC heap before
{Heap before GC invocations=8 (full 0):
 garbage-first heap   total 77824K, used 33359K [0x0000000091a00000, 0x0000000100000000)
  region size 1024K, 24 young (24576K), 5 survivors (5120K)
 Metaspace       used 35728K, committed 36160K, reserved 1081344K
  class space    used 4574K, committed 4800K, reserved 1048576K
}
Event: 3.314 GC heap after
{Heap after GC invocations=9 (full 0):
 garbage-first heap   total 77824K, used 16808K [0x0000000091a00000, 0x0000000100000000)
  region size 1024K, 5 young (5120K), 5 survivors (5120K)
 Metaspace       used 35728K, committed 36160K, reserved 1081344K
  class space    used 4574K, committed 4800K, reserved 1048576K
}
Event: 4.124 GC heap before
{Heap before GC invocations=10 (full 0):
 garbage-first heap   total 65536K, used 50600K [0x0000000091a00000, 0x0000000100000000)
  region size 1024K, 38 young (38912K), 5 survivors (5120K)
 Metaspace       used 41270K, committed 41728K, reserved 1089536K
  class space    used 5325K, committed 5568K, reserved 1048576K
}
Event: 4.137 GC heap after
{Heap after GC invocations=11 (full 0):
 garbage-first heap   total 65536K, used 19834K [0x0000000091a00000, 0x0000000100000000)
  region size 1024K, 5 young (5120K), 5 survivors (5120K)
 Metaspace       used 41270K, committed 41728K, reserved 1089536K
  class space    used 5325K, committed 5568K, reserved 1048576K
}
Event: 4.158 GC heap before
{Heap before GC invocations=11 (full 0):
 garbage-first heap   total 65536K, used 19834K [0x0000000091a00000, 0x0000000100000000)
  region size 1024K, 6 young (6144K), 5 survivors (5120K)
 Metaspace       used 41542K, committed 41984K, reserved 1089536K
  class space    used 5347K, committed 5568K, reserved 1048576K
}
Event: 4.167 GC heap after
{Heap after GC invocations=12 (full 0):
 garbage-first heap   total 65536K, used 20244K [0x0000000091a00000, 0x0000000100000000)
  region size 1024K, 1 young (1024K), 1 survivors (1024K)
 Metaspace       used 41542K, committed 41984K, reserved 1089536K
  class space    used 5347K, committed 5568K, reserved 1048576K
}
Event: 4.803 GC heap before
{Heap before GC invocations=12 (full 0):
 garbage-first heap   total 65536K, used 47892K [0x0000000091a00000, 0x0000000100000000)
  region size 1024K, 29 young (29696K), 1 survivors (1024K)
 Metaspace       used 48062K, committed 48448K, reserved 1097728K
  class space    used 6327K, committed 6528K, reserved 1048576K
}
Event: 4.808 GC heap after
{Heap after GC invocations=13 (full 0):
 garbage-first heap   total 65536K, used 20951K [0x0000000091a00000, 0x0000000100000000)
  region size 1024K, 2 young (2048K), 2 survivors (2048K)
 Metaspace       used 48062K, committed 48448K, reserved 1097728K
  class space    used 6327K, committed 6528K, reserved 1048576K
}
Event: 5.560 GC heap before
{Heap before GC invocations=13 (full 0):
 garbage-first heap   total 65536K, used 48599K [0x0000000091a00000, 0x0000000100000000)
  region size 1024K, 30 young (30720K), 2 survivors (2048K)
 Metaspace       used 53501K, committed 53952K, reserved 1097728K
  class space    used 7164K, committed 7360K, reserved 1048576K
}
Event: 5.570 GC heap after
{Heap after GC invocations=14 (full 0):
 garbage-first heap   total 65536K, used 22841K [0x0000000091a00000, 0x0000000100000000)
  region size 1024K, 4 young (4096K), 4 survivors (4096K)
 Metaspace       used 53501K, committed 53952K, reserved 1097728K
  class space    used 7164K, committed 7360K, reserved 1048576K
}
Event: 6.303 GC heap before
{Heap before GC invocations=14 (full 0):
 garbage-first heap   total 65536K, used 49465K [0x0000000091a00000, 0x0000000100000000)
  region size 1024K, 31 young (31744K), 4 survivors (4096K)
 Metaspace       used 57197K, committed 57664K, reserved 1105920K
  class space    used 7771K, committed 8000K, reserved 1048576K
}

