# JRE version: OpenJDK Runtime Environment Temurin-17.0.6+10 (17.0.6+10) (build 17.0.6+10)
# Java VM: OpenJDK 64-Bit Server VM Temurin-17.0.6+10 (17.0.6+10, mixed mode, emulated-client, tiered, compressed oops, compressed class ptrs, g1 gc, windows-amd64)
GC Precious Log:
 CPUs: 4 total, 4 available
 Memory: 7061M
 Large Page Support: Disabled
 NUMA Support: Disabled
 Compressed Oops: Enabled (32-bit)
 Heap Region Size: 1M
 Heap Min Capacity: 8M
 Heap Initial Capacity: 112M
 Heap Max Capacity: 1766M
 Pre-touch: Disabled
 Parallel Workers: 4
 Concurrent Workers: 1
 Concurrent Refinement Workers: 4
 Periodic GC: Disabled
Heap:
 garbage-first heap   total 114688K, used 30965K [0x0000000091a00000, 0x0000000100000000)
  region size 1024K, 4 young (4096K), 4 survivors (4096K)
 Metaspace       used 67343K, committed 67904K, reserved 1114112K
  class space    used 9267K, committed 9536K, reserved 1048576K
GC Heap History (20 events):
Event: 3.292 GC heap after
{Heap after GC invocations=9 (full 0):
 garbage-first heap   total 46080K, used 13802K [0x0000000091a00000, 0x0000000100000000)
  region size 1024K, 2 young (2048K), 2 survivors (2048K)
 Metaspace       used 30672K, committed 30976K, reserved 1081344K
  class space    used 3811K, committed 3968K, reserved 1048576K
}
Event: 3.700 GC heap before
{Heap before GC invocations=9 (full 0):
 garbage-first heap   total 46080K, used 33258K [0x0000000091a00000, 0x0000000100000000)
  region size 1024K, 21 young (21504K), 2 survivors (2048K)
 Metaspace       used 32759K, committed 33088K, reserved 1081344K
  class space    used 4129K, committed 4288K, reserved 1048576K
}
Event: 3.705 GC heap after
{Heap after GC invocations=10 (full 0):
 garbage-first heap   total 46080K, used 14962K [0x0000000091a00000, 0x0000000100000000)
  region size 1024K, 3 young (3072K), 3 survivors (3072K)
 Metaspace       used 32759K, committed 33088K, reserved 1081344K
  class space    used 4129K, committed 4288K, reserved 1048576K
}
Event: 4.082 GC heap before
{Heap before GC invocations=10 (full 0):
 garbage-first heap   total 46080K, used 30322K [0x0000000091a00000, 0x0000000100000000)
  region size 1024K, 20 young (20480K), 3 survivors (3072K)
 Metaspace       used 35660K, committed 36096K, reserved 1081344K
  class space    used 4570K, committed 4800K, reserved 1048576K
}
Event: 4.090 GC heap after
{Heap after GC invocations=11 (full 0):
 garbage-first heap   total 46080K, used 16649K [0x0000000091a00000, 0x0000000100000000)
  region size 1024K, 3 young (3072K), 3 survivors (3072K)
 Metaspace       used 35660K, committed 36096K, reserved 1081344K
  class space    used 4570K, committed 4800K, reserved 1048576K
}
Event: 4.506 GC heap before
{Heap before GC invocations=12 (full 0):
 garbage-first heap   total 46080K, used 34057K [0x0000000091a00000, 0x0000000100000000)
  region size 1024K, 20 young (20480K), 3 survivors (3072K)
 Metaspace       used 38433K, committed 38912K, reserved 1089536K
  class space    used 4950K, committed 5184K, reserved 1048576K
}
Event: 4.515 GC heap after
{Heap after GC invocations=13 (full 0):
 garbage-first heap   total 46080K, used 18820K [0x0000000091a00000, 0x0000000100000000)
  region size 1024K, 3 young (3072K), 3 survivors (3072K)
 Metaspace       used 38433K, committed 38912K, reserved 1089536K
  class space    used 4950K, committed 5184K, reserved 1048576K
}
Event: 4.537 GC heap before
{Heap before GC invocations=13 (full 0):
 garbage-first heap   total 46080K, used 19844K [0x0000000091a00000, 0x0000000100000000)
  region size 1024K, 4 young (4096K), 3 survivors (3072K)
 Metaspace       used 38618K, committed 39040K, reserved 1089536K
  class space    used 4979K, committed 5184K, reserved 1048576K
}
Event: 4.545 GC heap after
{Heap after GC invocations=14 (full 0):
 garbage-first heap   total 87040K, used 18800K [0x0000000091a00000, 0x0000000100000000)
  region size 1024K, 1 young (1024K), 1 survivors (1024K)
 Metaspace       used 38618K, committed 39040K, reserved 1089536K
  class space    used 4979K, committed 5184K, reserved 1048576K
}
Event: 5.753 GC heap before
{Heap before GC invocations=14 (full 0):
 garbage-first heap   total 87040K, used 64880K [0x0000000091a00000, 0x0000000100000000)
  region size 1024K, 46 young (47104K), 1 survivors (1024K)
 Metaspace       used 48180K, committed 48640K, reserved 1097728K
  class space    used 6339K, committed 6592K, reserved 1048576K
}
Event: 5.762 GC heap after
{Heap after GC invocations=15 (full 0):
 garbage-first heap   total 87040K, used 21277K [0x0000000091a00000, 0x0000000100000000)
  region size 1024K, 3 young (3072K), 3 survivors (3072K)
 Metaspace       used 48180K, committed 48640K, reserved 1097728K
  class space    used 6339K, committed 6592K, reserved 1048576K
}
Event: 6.759 GC heap before
{Heap before GC invocations=15 (full 0):
 garbage-first heap   total 87040K, used 65309K [0x0000000091a00000, 0x0000000100000000)
  region size 1024K, 46 young (47104K), 3 survivors (3072K)
 Metaspace       used 57037K, committed 57536K, reserved 1105920K
  class space    used 7755K, committed 8000K, reserved 1048576K
}
Event: 6.774 GC heap after
{Heap after GC invocations=16 (full 0):
 garbage-first heap   total 87040K, used 23483K [0x0000000091a00000, 0x0000000100000000)
  region size 1024K, 5 young (5120K), 5 survivors (5120K)
 Metaspace       used 57037K, committed 57536K, reserved 1105920K
  class space    used 7755K, committed 8000K, reserved 1048576K
}
Event: 7.239 GC heap before
{Heap before GC invocations=16 (full 0):
 garbage-first heap   total 87040K, used 50107K [0x0000000091a00000, 0x0000000100000000)
  region size 1024K, 32 young (32768K), 5 survivors (5120K)
 Metaspace       used 59928K, committed 60480K, reserved 1105920K
  class space    used 8161K, committed 8448K, reserved 1048576K
}
Event: 7.251 GC heap after
{Heap after GC invocations=17 (full 0):
 garbage-first heap   total 87040K, used 25086K [0x0000000091a00000, 0x0000000100000000)
  region size 1024K, 4 young (4096K), 4 survivors (4096K)
 Metaspace       used 59928K, committed 60480K, reserved 1105920K
  class space    used 8161K, committed 8448K, reserved 1048576K
}
Event: 7.924 GC heap before
{Heap before GC invocations=18 (full 0):
 garbage-first heap   total 87040K, used 69118K [0x0000000091a00000, 0x0000000100000000)
  region size 1024K, 47 young (48128K), 4 survivors (4096K)
 Metaspace       used 63388K, committed 63936K, reserved 1105920K
  class space    used 8693K, committed 8960K, reserved 1048576K
}
Event: 7.934 GC heap after
{Heap after GC invocations=19 (full 0):
 garbage-first heap   total 87040K, used 27891K [0x0000000091a00000, 0x0000000100000000)
  region size 1024K, 5 young (5120K), 5 survivors (5120K)
 Metaspace       used 63388K, committed 63936K, reserved 1105920K
  class space    used 8693K, committed 8960K, reserved 1048576K
}
Event: 7.943 GC heap before
{Heap before GC invocations=19 (full 0):
 garbage-first heap   total 87040K, used 28915K [0x0000000091a00000, 0x0000000100000000)
  region size 1024K, 6 young (6144K), 5 survivors (5120K)
 Metaspace       used 63388K, committed 63936K, reserved 1105920K
  class space    used 8693K, committed 8960K, reserved 1048576K
}
Event: 7.950 GC heap after
{Heap after GC invocations=20 (full 0):
 garbage-first heap   total 87040K, used 28205K [0x0000000091a00000, 0x0000000100000000)
  region size 1024K, 1 young (1024K), 1 survivors (1024K)
 Metaspace       used 63388K, committed 63936K, reserved 1105920K
  class space    used 8693K, committed 8960K, reserved 1048576K
}
Event: 8.692 GC heap before
{Heap before GC invocations=20 (full 0):
 garbage-first heap   total 87040K, used 69165K [0x0000000091a00000, 0x0000000100000000)
  region size 1024K, 41 young (41984K), 1 survivors (1024K)
 Metaspace       used 67343K, committed 67904K, reserved 1114112K
  class space    used 9267K, committed 9536K, reserved 1048576K
}

