# JRE version: OpenJDK Runtime Environment Temurin-17.0.6+10 (17.0.6+10) (build 17.0.6+10)
# Java VM: OpenJDK 64-Bit Server VM Temurin-17.0.6+10 (17.0.6+10, mixed mode, emulated-client, tiered, compressed oops, compressed class ptrs, g1 gc, windows-amd64)
GC Precious Log:
 CPUs: 4 total, 4 available
 Memory: 7061M
 Large Page Support: Disabled
 NUMA Support: Disabled
 Compressed Oops: Enabled (32-bit)
 Heap Region Size: 1M
 Heap Min Capacity: 8M
 Heap Initial Capacity: 112M
 Heap Max Capacity: 1766M
 Pre-touch: Disabled
 Parallel Workers: 4
 Concurrent Workers: 1
 Concurrent Refinement Workers: 4
 Periodic GC: Disabled
Heap:
 garbage-first heap   total 61440K, used 23956K [0x0000000091a00000, 0x0000000100000000)
  region size 1024K, 3 young (3072K), 3 survivors (3072K)
 Metaspace       used 57059K, committed 57472K, reserved 1105920K
  class space    used 7754K, committed 7936K, reserved 1048576K
GC Heap History (20 events):
Event: 1.436 GC heap after
{Heap after GC invocations=3 (full 0):
 garbage-first heap   total 114688K, used 9497K [0x0000000091a00000, 0x0000000100000000)
  region size 1024K, 3 young (3072K), 3 survivors (3072K)
 Metaspace       used 21246K, committed 21504K, reserved 1073152K
  class space    used 2493K, committed 2624K, reserved 1048576K
}
Event: 1.753 GC heap before
{Heap before GC invocations=4 (full 0):
 garbage-first heap   total 40960K, used 28953K [0x0000000091a00000, 0x0000000100000000)
  region size 1024K, 24 young (24576K), 3 survivors (3072K)
 Metaspace       used 25405K, committed 25664K, reserved 1073152K
  class space    used 3110K, committed 3200K, reserved 1048576K
}
Event: 1.759 GC heap after
{Heap after GC invocations=5 (full 0):
 garbage-first heap   total 40960K, used 10987K [0x0000000091a00000, 0x0000000100000000)
  region size 1024K, 5 young (5120K), 5 survivors (5120K)
 Metaspace       used 25405K, committed 25664K, reserved 1073152K
  class space    used 3110K, committed 3200K, reserved 1048576K
}
Event: 1.776 GC heap before
{Heap before GC invocations=5 (full 0):
 garbage-first heap   total 40960K, used 12011K [0x0000000091a00000, 0x0000000100000000)
  region size 1024K, 6 young (6144K), 5 survivors (5120K)
 Metaspace       used 25583K, committed 25920K, reserved 1073152K
  class space    used 3131K, committed 3264K, reserved 1048576K
}
Event: 1.782 GC heap after
{Heap after GC invocations=6 (full 0):
 garbage-first heap   total 40960K, used 11185K [0x0000000091a00000, 0x0000000100000000)
  region size 1024K, 1 young (1024K), 1 survivors (1024K)
 Metaspace       used 25583K, committed 25920K, reserved 1073152K
  class space    used 3131K, committed 3264K, reserved 1048576K
}
Event: 2.018 GC heap before
{Heap before GC invocations=6 (full 0):
 garbage-first heap   total 40960K, used 25521K [0x0000000091a00000, 0x0000000100000000)
  region size 1024K, 16 young (16384K), 1 survivors (1024K)
 Metaspace       used 28416K, committed 28672K, reserved 1081344K
  class space    used 3439K, committed 3584K, reserved 1048576K
}
Event: 2.022 GC heap after
{Heap after GC invocations=7 (full 0):
 garbage-first heap   total 74752K, used 12069K [0x0000000091a00000, 0x0000000100000000)
  region size 1024K, 2 young (2048K), 2 survivors (2048K)
 Metaspace       used 28416K, committed 28672K, reserved 1081344K
  class space    used 3439K, committed 3584K, reserved 1048576K
}
Event: 3.100 GC heap before
{Heap before GC invocations=7 (full 0):
 garbage-first heap   total 74752K, used 49957K [0x0000000091a00000, 0x0000000100000000)
  region size 1024K, 39 young (39936K), 2 survivors (2048K)
 Metaspace       used 32557K, committed 32896K, reserved 1081344K
  class space    used 4088K, committed 4224K, reserved 1048576K
}
Event: 3.109 GC heap after
{Heap after GC invocations=8 (full 0):
 garbage-first heap   total 74752K, used 14670K [0x0000000091a00000, 0x0000000100000000)
  region size 1024K, 5 young (5120K), 5 survivors (5120K)
 Metaspace       used 32557K, committed 32896K, reserved 1081344K
  class space    used 4088K, committed 4224K, reserved 1048576K
}
Event: 3.566 GC heap before
{Heap before GC invocations=8 (full 0):
 garbage-first heap   total 74752K, used 35150K [0x0000000091a00000, 0x0000000100000000)
  region size 1024K, 26 young (26624K), 5 survivors (5120K)
 Metaspace       used 35734K, committed 36160K, reserved 1081344K
  class space    used 4580K, committed 4800K, reserved 1048576K
}
Event: 3.579 GC heap after
{Heap after GC invocations=9 (full 0):
 garbage-first heap   total 74752K, used 16657K [0x0000000091a00000, 0x0000000100000000)
  region size 1024K, 5 young (5120K), 5 survivors (5120K)
 Metaspace       used 35734K, committed 36160K, reserved 1081344K
  class space    used 4580K, committed 4800K, reserved 1048576K
}
Event: 4.413 GC heap before
{Heap before GC invocations=10 (full 0):
 garbage-first heap   total 61440K, used 48401K [0x0000000091a00000, 0x0000000100000000)
  region size 1024K, 36 young (36864K), 5 survivors (5120K)
 Metaspace       used 40780K, committed 41280K, reserved 1089536K
  class space    used 5285K, committed 5504K, reserved 1048576K
}
Event: 4.432 GC heap after
{Heap after GC invocations=11 (full 0):
 garbage-first heap   total 61440K, used 19403K [0x0000000091a00000, 0x0000000100000000)
  region size 1024K, 5 young (5120K), 5 survivors (5120K)
 Metaspace       used 40780K, committed 41280K, reserved 1089536K
  class space    used 5285K, committed 5504K, reserved 1048576K
}
Event: 4.452 GC heap before
{Heap before GC invocations=11 (full 0):
 garbage-first heap   total 61440K, used 19403K [0x0000000091a00000, 0x0000000100000000)
  region size 1024K, 6 young (6144K), 5 survivors (5120K)
 Metaspace       used 40964K, committed 41408K, reserved 1089536K
  class space    used 5304K, committed 5504K, reserved 1048576K
}
Event: 4.461 GC heap after
{Heap after GC invocations=12 (full 0):
 garbage-first heap   total 61440K, used 20376K [0x0000000091a00000, 0x0000000100000000)
  region size 1024K, 1 young (1024K), 1 survivors (1024K)
 Metaspace       used 40964K, committed 41408K, reserved 1089536K
  class space    used 5304K, committed 5504K, reserved 1048576K
}
Event: 5.392 GC heap before
{Heap before GC invocations=12 (full 0):
 garbage-first heap   total 61440K, used 44952K [0x0000000091a00000, 0x0000000100000000)
  region size 1024K, 26 young (26624K), 1 survivors (1024K)
 Metaspace       used 46793K, committed 47232K, reserved 1097728K
  class space    used 6130K, committed 6336K, reserved 1048576K
}
Event: 5.398 GC heap after
{Heap after GC invocations=13 (full 0):
 garbage-first heap   total 61440K, used 20967K [0x0000000091a00000, 0x0000000100000000)
  region size 1024K, 2 young (2048K), 2 survivors (2048K)
 Metaspace       used 46793K, committed 47232K, reserved 1097728K
  class space    used 6130K, committed 6336K, reserved 1048576K
}
Event: 5.993 GC heap before
{Heap before GC invocations=13 (full 0):
 garbage-first heap   total 61440K, used 46567K [0x0000000091a00000, 0x0000000100000000)
  region size 1024K, 28 young (28672K), 2 survivors (2048K)
 Metaspace       used 51533K, committed 51904K, reserved 1097728K
  class space    used 6799K, committed 6976K, reserved 1048576K
}
Event: 5.999 GC heap after
{Heap after GC invocations=14 (full 0):
 garbage-first heap   total 61440K, used 22836K [0x0000000091a00000, 0x0000000100000000)
  region size 1024K, 4 young (4096K), 4 survivors (4096K)
 Metaspace       used 51533K, committed 51904K, reserved 1097728K
  class space    used 6799K, committed 6976K, reserved 1048576K
}
Event: 6.538 GC heap before
{Heap before GC invocations=14 (full 0):
 garbage-first heap   total 61440K, used 46388K [0x0000000091a00000, 0x0000000100000000)
  region size 1024K, 28 young (28672K), 4 survivors (4096K)
 Metaspace       used 57059K, committed 57472K, reserved 1105920K
  class space    used 7754K, committed 7936K, reserved 1048576K
}

