# JRE version: OpenJDK Runtime Environment Temurin-17.0.6+10 (17.0.6+10) (build 17.0.6+10)
# Java VM: OpenJDK 64-Bit Server VM Temurin-17.0.6+10 (17.0.6+10, mixed mode, emulated-client, tiered, compressed oops, compressed class ptrs, g1 gc, windows-amd64)
GC Precious Log:
 CPUs: 4 total, 4 available
 Memory: 7061M
 Large Page Support: Disabled
 NUMA Support: Disabled
 Compressed Oops: Enabled (32-bit)
 Heap Region Size: 1M
 Heap Min Capacity: 8M
 Heap Initial Capacity: 112M
 Heap Max Capacity: 1766M
 Pre-touch: Disabled
 Parallel Workers: 4
 Concurrent Workers: 1
 Concurrent Refinement Workers: 4
 Periodic GC: Disabled
Heap:
 garbage-first heap   total 73728K, used 33653K [0x0000000091a00000, 0x0000000100000000)
  region size 1024K, 10 young (10240K), 5 survivors (5120K)
 Metaspace       used 65818K, committed 66368K, reserved 1114112K
  class space    used 9046K, committed 9280K, reserved 1048576K
GC Heap History (20 events):
Event: 2.485 GC heap before
{Heap before GC invocations=7 (full 0):
 garbage-first heap   total 40960K, used 27396K [0x0000000091a00000, 0x0000000100000000)
  region size 1024K, 17 young (17408K), 2 survivors (2048K)
 Metaspace       used 30040K, committed 30272K, reserved 1081344K
  class space    used 3717K, committed 3840K, reserved 1048576K
}
Event: 2.490 GC heap after
{Heap after GC invocations=8 (full 0):
 garbage-first heap   total 76800K, used 13370K [0x0000000091a00000, 0x0000000100000000)
  region size 1024K, 3 young (3072K), 3 survivors (3072K)
 Metaspace       used 30040K, committed 30272K, reserved 1081344K
  class space    used 3717K, committed 3840K, reserved 1048576K
}
Event: 3.418 GC heap before
{Heap before GC invocations=8 (full 0):
 garbage-first heap   total 76800K, used 55354K [0x0000000091a00000, 0x0000000100000000)
  region size 1024K, 44 young (45056K), 3 survivors (3072K)
 Metaspace       used 35729K, committed 36160K, reserved 1081344K
  class space    used 4580K, committed 4800K, reserved 1048576K
}
Event: 3.428 GC heap after
{Heap after GC invocations=9 (full 0):
 garbage-first heap   total 76800K, used 16387K [0x0000000091a00000, 0x0000000100000000)
  region size 1024K, 6 young (6144K), 6 survivors (6144K)
 Metaspace       used 35729K, committed 36160K, reserved 1081344K
  class space    used 4580K, committed 4800K, reserved 1048576K
}
Event: 3.431 GC heap before
{Heap before GC invocations=9 (full 0):
 garbage-first heap   total 76800K, used 16387K [0x0000000091a00000, 0x0000000100000000)
  region size 1024K, 7 young (7168K), 6 survivors (6144K)
 Metaspace       used 35737K, committed 36160K, reserved 1081344K
  class space    used 4582K, committed 4800K, reserved 1048576K
}
Event: 3.440 GC heap after
{Heap after GC invocations=10 (full 0):
 garbage-first heap   total 76800K, used 17262K [0x0000000091a00000, 0x0000000100000000)
  region size 1024K, 1 young (1024K), 1 survivors (1024K)
 Metaspace       used 35737K, committed 36160K, reserved 1081344K
  class space    used 4582K, committed 4800K, reserved 1048576K
}
Event: 4.232 GC heap before
{Heap before GC invocations=11 (full 0):
 garbage-first heap   total 61440K, used 52078K [0x0000000091a00000, 0x0000000100000000)
  region size 1024K, 36 young (36864K), 1 survivors (1024K)
 Metaspace       used 41881K, committed 42304K, reserved 1089536K
  class space    used 5384K, committed 5632K, reserved 1048576K
}
Event: 4.241 GC heap after
{Heap after GC invocations=12 (full 0):
 garbage-first heap   total 61440K, used 19613K [0x0000000091a00000, 0x0000000100000000)
  region size 1024K, 4 young (4096K), 4 survivors (4096K)
 Metaspace       used 41881K, committed 42304K, reserved 1089536K
  class space    used 5384K, committed 5632K, reserved 1048576K
}
Event: 4.907 GC heap before
{Heap before GC invocations=12 (full 0):
 garbage-first heap   total 61440K, used 47261K [0x0000000091a00000, 0x0000000100000000)
  region size 1024K, 31 young (31744K), 4 survivors (4096K)
 Metaspace       used 48189K, committed 48576K, reserved 1097728K
  class space    used 6333K, committed 6528K, reserved 1048576K
}
Event: 4.917 GC heap after
{Heap after GC invocations=13 (full 0):
 garbage-first heap   total 61440K, used 21298K [0x0000000091a00000, 0x0000000100000000)
  region size 1024K, 2 young (2048K), 2 survivors (2048K)
 Metaspace       used 48189K, committed 48576K, reserved 1097728K
  class space    used 6333K, committed 6528K, reserved 1048576K
}
Event: 5.452 GC heap before
{Heap before GC invocations=13 (full 0):
 garbage-first heap   total 61440K, used 45874K [0x0000000091a00000, 0x0000000100000000)
  region size 1024K, 27 young (27648K), 2 survivors (2048K)
 Metaspace       used 53112K, committed 53504K, reserved 1097728K
  class space    used 7112K, committed 7296K, reserved 1048576K
}
Event: 5.458 GC heap after
{Heap after GC invocations=14 (full 0):
 garbage-first heap   total 73728K, used 22905K [0x0000000091a00000, 0x0000000100000000)
  region size 1024K, 4 young (4096K), 4 survivors (4096K)
 Metaspace       used 53112K, committed 53504K, reserved 1097728K
  class space    used 7112K, committed 7296K, reserved 1048576K
}
Event: 6.100 GC heap before
{Heap before GC invocations=14 (full 0):
 garbage-first heap   total 73728K, used 56697K [0x0000000091a00000, 0x0000000100000000)
  region size 1024K, 37 young (37888K), 4 survivors (4096K)
 Metaspace       used 57696K, committed 58176K, reserved 1105920K
  class space    used 7843K, committed 8064K, reserved 1048576K
}
Event: 6.108 GC heap after
{Heap after GC invocations=15 (full 0):
 garbage-first heap   total 73728K, used 23595K [0x0000000091a00000, 0x0000000100000000)
  region size 1024K, 3 young (3072K), 3 survivors (3072K)
 Metaspace       used 57696K, committed 58176K, reserved 1105920K
  class space    used 7843K, committed 8064K, reserved 1048576K
}
Event: 6.333 GC heap before
{Heap before GC invocations=15 (full 0):
 garbage-first heap   total 73728K, used 33835K [0x0000000091a00000, 0x0000000100000000)
  region size 1024K, 14 young (14336K), 3 survivors (3072K)
 Metaspace       used 59931K, committed 60480K, reserved 1105920K
  class space    used 8159K, committed 8448K, reserved 1048576K
}
Event: 6.340 GC heap after
{Heap after GC invocations=16 (full 0):
 garbage-first heap   total 73728K, used 24586K [0x0000000091a00000, 0x0000000100000000)
  region size 1024K, 4 young (4096K), 4 survivors (4096K)
 Metaspace       used 59931K, committed 60480K, reserved 1105920K
  class space    used 8159K, committed 8448K, reserved 1048576K
}
Event: 6.893 GC heap before
{Heap before GC invocations=17 (full 0):
 garbage-first heap   total 73728K, used 58378K [0x0000000091a00000, 0x0000000100000000)
  region size 1024K, 37 young (37888K), 4 survivors (4096K)
 Metaspace       used 63144K, committed 63616K, reserved 1105920K
  class space    used 8661K, committed 8896K, reserved 1048576K
}
Event: 6.903 GC heap after
{Heap after GC invocations=18 (full 0):
 garbage-first heap   total 73728K, used 27109K [0x0000000091a00000, 0x0000000100000000)
  region size 1024K, 5 young (5120K), 5 survivors (5120K)
 Metaspace       used 63144K, committed 63616K, reserved 1105920K
  class space    used 8661K, committed 8896K, reserved 1048576K
}
Event: 7.409 GC heap before
{Heap before GC invocations=19 (full 0):
 garbage-first heap   total 73728K, used 57829K [0x0000000091a00000, 0x0000000100000000)
  region size 1024K, 35 young (35840K), 5 survivors (5120K)
 Metaspace       used 65407K, committed 65920K, reserved 1105920K
  class space    used 8975K, committed 9216K, reserved 1048576K
}
Event: 7.419 GC heap after
{Heap after GC invocations=20 (full 0):
 garbage-first heap   total 73728K, used 29557K [0x0000000091a00000, 0x0000000100000000)
  region size 1024K, 5 young (5120K), 5 survivors (5120K)
 Metaspace       used 65407K, committed 65920K, reserved 1105920K
  class space    used 8975K, committed 9216K, reserved 1048576K
}

