# JRE version: OpenJDK Runtime Environment Temurin-17.0.6+10 (17.0.6+10) (build 17.0.6+10)
# Java VM: OpenJDK 64-Bit Server VM Temurin-17.0.6+10 (17.0.6+10, mixed mode, emulated-client, tiered, compressed oops, compressed class ptrs, g1 gc, windows-amd64)
GC Precious Log:
 CPUs: 4 total, 4 available
 Memory: 7061M
 Large Page Support: Disabled
 NUMA Support: Disabled
 Compressed Oops: Enabled (32-bit)
 Heap Region Size: 1M
 Heap Min Capacity: 8M
 Heap Initial Capacity: 112M
 Heap Max Capacity: 1766M
 Pre-touch: Disabled
 Parallel Workers: 4
 Concurrent Workers: 1
 Concurrent Refinement Workers: 4
 Periodic GC: Disabled
Heap:
 garbage-first heap   total 69632K, used 34111K [0x0000000091a00000, 0x0000000100000000)
  region size 1024K, 2 young (2048K), 2 survivors (2048K)
 Metaspace       used 73139K, committed 73728K, reserved 1114112K
  class space    used 10097K, committed 10432K, reserved 1048576K
GC Heap History (20 events):
Event: 3.778 GC heap after
{Heap after GC invocations=14 (full 0):
 garbage-first heap   total 57344K, used 20103K [0x0000000091a00000, 0x0000000100000000)
  region size 1024K, 2 young (2048K), 2 survivors (2048K)
 Metaspace       used 41539K, committed 41984K, reserved 1089536K
  class space    used 5347K, committed 5568K, reserved 1048576K
}
Event: 4.292 GC heap before
{Heap before GC invocations=14 (full 0):
 garbage-first heap   total 57344K, used 40583K [0x0000000091a00000, 0x0000000100000000)
  region size 1024K, 23 young (23552K), 2 survivors (2048K)
 Metaspace       used 46467K, committed 46912K, reserved 1097728K
  class space    used 6081K, committed 6272K, reserved 1048576K
}
Event: 4.298 GC heap after
{Heap after GC invocations=15 (full 0):
 garbage-first heap   total 57344K, used 21075K [0x0000000091a00000, 0x0000000100000000)
  region size 1024K, 3 young (3072K), 3 survivors (3072K)
 Metaspace       used 46467K, committed 46912K, reserved 1097728K
  class space    used 6081K, committed 6272K, reserved 1048576K
}
Event: 4.778 GC heap before
{Heap before GC invocations=15 (full 0):
 garbage-first heap   total 57344K, used 42579K [0x0000000091a00000, 0x0000000100000000)
  region size 1024K, 24 young (24576K), 3 survivors (3072K)
 Metaspace       used 50185K, committed 50688K, reserved 1097728K
  class space    used 6630K, committed 6848K, reserved 1048576K
}
Event: 4.785 GC heap after
{Heap after GC invocations=16 (full 0):
 garbage-first heap   total 57344K, used 23042K [0x0000000091a00000, 0x0000000100000000)
  region size 1024K, 3 young (3072K), 3 survivors (3072K)
 Metaspace       used 50185K, committed 50688K, reserved 1097728K
  class space    used 6630K, committed 6848K, reserved 1048576K
}
Event: 5.195 GC heap before
{Heap before GC invocations=16 (full 0):
 garbage-first heap   total 57344K, used 42498K [0x0000000091a00000, 0x0000000100000000)
  region size 1024K, 23 young (23552K), 3 survivors (3072K)
 Metaspace       used 55397K, committed 55808K, reserved 1097728K
  class space    used 7438K, committed 7616K, reserved 1048576K
}
Event: 5.202 GC heap after
{Heap after GC invocations=17 (full 0):
 garbage-first heap   total 57344K, used 24081K [0x0000000091a00000, 0x0000000100000000)
  region size 1024K, 2 young (2048K), 2 survivors (2048K)
 Metaspace       used 55397K, committed 55808K, reserved 1097728K
  class space    used 7438K, committed 7616K, reserved 1048576K
}
Event: 5.540 GC heap before
{Heap before GC invocations=17 (full 0):
 garbage-first heap   total 57344K, used 44561K [0x0000000091a00000, 0x0000000100000000)
  region size 1024K, 22 young (22528K), 2 survivors (2048K)
 Metaspace       used 57182K, committed 57664K, reserved 1105920K
  class space    used 7770K, committed 8000K, reserved 1048576K
}
Event: 5.544 GC heap after
{Heap after GC invocations=18 (full 0):
 garbage-first heap   total 69632K, used 24337K [0x0000000091a00000, 0x0000000100000000)
  region size 1024K, 2 young (2048K), 2 survivors (2048K)
 Metaspace       used 57182K, committed 57664K, reserved 1105920K
  class space    used 7770K, committed 8000K, reserved 1048576K
}
Event: 5.899 GC heap before
{Heap before GC invocations=18 (full 0):
 garbage-first heap   total 69632K, used 41745K [0x0000000091a00000, 0x0000000100000000)
  region size 1024K, 20 young (20480K), 2 survivors (2048K)
 Metaspace       used 60080K, committed 60608K, reserved 1105920K
  class space    used 8181K, committed 8448K, reserved 1048576K
}
Event: 5.907 GC heap after
{Heap after GC invocations=19 (full 0):
 garbage-first heap   total 69632K, used 25568K [0x0000000091a00000, 0x0000000100000000)
  region size 1024K, 3 young (3072K), 3 survivors (3072K)
 Metaspace       used 60080K, committed 60608K, reserved 1105920K
  class space    used 8181K, committed 8448K, reserved 1048576K
}
Event: 6.409 GC heap before
{Heap before GC invocations=20 (full 0):
 garbage-first heap   total 69632K, used 55264K [0x0000000091a00000, 0x0000000100000000)
  region size 1024K, 32 young (32768K), 3 survivors (3072K)
 Metaspace       used 63084K, committed 63616K, reserved 1105920K
  class space    used 8657K, committed 8896K, reserved 1048576K
}
Event: 6.416 GC heap after
{Heap after GC invocations=21 (full 0):
 garbage-first heap   total 69632K, used 27643K [0x0000000091a00000, 0x0000000100000000)
  region size 1024K, 4 young (4096K), 4 survivors (4096K)
 Metaspace       used 63084K, committed 63616K, reserved 1105920K
  class space    used 8657K, committed 8896K, reserved 1048576K
}
Event: 6.647 GC heap before
{Heap before GC invocations=22 (full 0):
 garbage-first heap   total 69632K, used 53243K [0x0000000091a00000, 0x0000000100000000)
  region size 1024K, 29 young (29696K), 4 survivors (4096K)
 Metaspace       used 63397K, committed 63936K, reserved 1105920K
  class space    used 8687K, committed 8960K, reserved 1048576K
}
Event: 6.654 GC heap after
{Heap after GC invocations=23 (full 0):
 garbage-first heap   total 69632K, used 29062K [0x0000000091a00000, 0x0000000100000000)
  region size 1024K, 2 young (2048K), 2 survivors (2048K)
 Metaspace       used 63397K, committed 63936K, reserved 1105920K
  class space    used 8687K, committed 8960K, reserved 1048576K
}
Event: 7.027 GC heap before
{Heap before GC invocations=23 (full 0):
 garbage-first heap   total 69632K, used 53638K [0x0000000091a00000, 0x0000000100000000)
  region size 1024K, 27 young (27648K), 2 survivors (2048K)
 Metaspace       used 65395K, committed 65984K, reserved 1105920K
  class space    used 8959K, committed 9216K, reserved 1048576K
}
Event: 7.031 GC heap after
{Heap after GC invocations=24 (full 0):
 garbage-first heap   total 69632K, used 30325K [0x0000000091a00000, 0x0000000100000000)
  region size 1024K, 3 young (3072K), 3 survivors (3072K)
 Metaspace       used 65395K, committed 65984K, reserved 1105920K
  class space    used 8959K, committed 9216K, reserved 1048576K
}
Event: 7.497 GC heap before
{Heap before GC invocations=24 (full 0):
 garbage-first heap   total 69632K, used 54901K [0x0000000091a00000, 0x0000000100000000)
  region size 1024K, 27 young (27648K), 3 survivors (3072K)
 Metaspace       used 67978K, committed 68608K, reserved 1114112K
  class space    used 9344K, committed 9664K, reserved 1048576K
}
Event: 7.505 GC heap after
{Heap after GC invocations=25 (full 0):
 garbage-first heap   total 69632K, used 32582K [0x0000000091a00000, 0x0000000100000000)
  region size 1024K, 4 young (4096K), 4 survivors (4096K)
 Metaspace       used 67978K, committed 68608K, reserved 1114112K
  class space    used 9344K, committed 9664K, reserved 1048576K
}
Event: 15.847 GC heap before
{Heap before GC invocations=25 (full 0):
 garbage-first heap   total 69632K, used 54086K [0x0000000091a00000, 0x0000000100000000)
  region size 1024K, 26 young (26624K), 4 survivors (4096K)
 Metaspace       used 73139K, committed 73728K, reserved 1114112K
  class space    used 10097K, committed 10432K, reserved 1048576K
}

